C:\USERS\CIN\DOCUMENTS\VISUAL STUDIO 2012\PROJECTS\LABA\LABA\DEBUG\.NETFRAMEWORK,VERSION=V4.6.1.ASSEMBLYATTRIBUTES.OBJ
C:\USERS\CIN\DOCUMENTS\VISUAL STUDIO 2012\PROJECTS\LABA\LABA\DEBUG\VC110.PDB
C:\USERS\CIN\DOCUMENTS\VISUAL STUDIO 2012\PROJECTS\LABA\LABA\DEBUG\MYFORM.OBJ
C:\Users\CIN\Documents\Visual Studio 2012\Projects\Laba\Laba\Debug\Laba.MyForm.resources
C:\Users\nkasmazy\Downloads\Laba\Laba\Debug\Laba.MyForm.resources
C:\USERS\CIN\DOCUMENTS\VISUAL STUDIO 2012\PROJECTS\LABA\DEBUG\LABA.ILK
C:\USERS\CIN\DOCUMENTS\VISUAL STUDIO 2012\PROJECTS\LABA\DEBUG\LABA.EXE
C:\USERS\CIN\DOCUMENTS\VISUAL STUDIO 2012\PROJECTS\LABA\DEBUG\LABA.PDB
C:\Users\nkasmazy\Downloads\Laba\Laba\Debug\Laba.vcxproj.GenerateResource.Cache
C:\Users\nkasmazy\Downloads\Laba\Laba\Debug\Laba.vcxprojAssemblyReference.cache
C:\Users\nkasmazy\Downloads\Laba\Laba\Debug\Laba.vcxprojResolveAssemblyReference.cache
C:\Users\nkasmazy\Downloads\Laba\Laba\Debug\.NETFramework,Version=v4.6.1.AssemblyAttributes.obj
C:\Users\nkasmazy\Downloads\Laba\Laba\Debug\MyForm.obj
C:\Users\nkasmazy\Downloads\Laba\Laba\Debug\cl.command.1.tlog
C:\Users\nkasmazy\Downloads\Laba\Laba\Debug\CL.read.1.tlog
C:\Users\nkasmazy\Downloads\Laba\Laba\Debug\CL.write.1.tlog
C:\Users\nkasmazy\Downloads\Laba\Laba\Debug\Laba.write.1.tlog
C:\Users\nkasmazy\Downloads\Laba\Laba\Debug\link.10516-cvtres.read.1.tlog
C:\Users\nkasmazy\Downloads\Laba\Laba\Debug\link.10516-cvtres.write.1.tlog
C:\Users\nkasmazy\Downloads\Laba\Laba\Debug\link.10516-rc.read.1.tlog
C:\Users\nkasmazy\Downloads\Laba\Laba\Debug\link.10516-rc.write.1.tlog
C:\Users\nkasmazy\Downloads\Laba\Laba\Debug\link.10516.read.1.tlog
C:\Users\nkasmazy\Downloads\Laba\Laba\Debug\link.10516.write.1.tlog
C:\Users\nkasmazy\Downloads\Laba\Laba\Debug\link.10580-cvtres.read.1.tlog
C:\Users\nkasmazy\Downloads\Laba\Laba\Debug\link.10580-cvtres.write.1.tlog
C:\Users\nkasmazy\Downloads\Laba\Laba\Debug\link.10580-rc.read.1.tlog
C:\Users\nkasmazy\Downloads\Laba\Laba\Debug\link.10580-rc.write.1.tlog
C:\Users\nkasmazy\Downloads\Laba\Laba\Debug\link.10580.read.1.tlog
C:\Users\nkasmazy\Downloads\Laba\Laba\Debug\link.10580.write.1.tlog
C:\Users\nkasmazy\Downloads\Laba\Laba\Debug\link.10896-cvtres.read.1.tlog
C:\Users\nkasmazy\Downloads\Laba\Laba\Debug\link.10896-cvtres.write.1.tlog
C:\Users\nkasmazy\Downloads\Laba\Laba\Debug\link.10896-rc.read.1.tlog
C:\Users\nkasmazy\Downloads\Laba\Laba\Debug\link.10896-rc.write.1.tlog
C:\Users\nkasmazy\Downloads\Laba\Laba\Debug\link.10896.read.1.tlog
C:\Users\nkasmazy\Downloads\Laba\Laba\Debug\link.10896.write.1.tlog
C:\Users\nkasmazy\Downloads\Laba\Laba\Debug\link.11232-cvtres.read.1.tlog
C:\Users\nkasmazy\Downloads\Laba\Laba\Debug\link.11232-cvtres.write.1.tlog
C:\Users\nkasmazy\Downloads\Laba\Laba\Debug\link.11232-rc.read.1.tlog
C:\Users\nkasmazy\Downloads\Laba\Laba\Debug\link.11232-rc.write.1.tlog
C:\Users\nkasmazy\Downloads\Laba\Laba\Debug\link.11232.read.1.tlog
C:\Users\nkasmazy\Downloads\Laba\Laba\Debug\link.11232.write.1.tlog
C:\Users\nkasmazy\Downloads\Laba\Laba\Debug\link.1272-cvtres.read.1.tlog
C:\Users\nkasmazy\Downloads\Laba\Laba\Debug\link.1272-cvtres.write.1.tlog
C:\Users\nkasmazy\Downloads\Laba\Laba\Debug\link.1272-rc.read.1.tlog
C:\Users\nkasmazy\Downloads\Laba\Laba\Debug\link.1272-rc.write.1.tlog
C:\Users\nkasmazy\Downloads\Laba\Laba\Debug\link.1272.read.1.tlog
C:\Users\nkasmazy\Downloads\Laba\Laba\Debug\link.1272.write.1.tlog
C:\Users\nkasmazy\Downloads\Laba\Laba\Debug\link.1392-cvtres.read.1.tlog
C:\Users\nkasmazy\Downloads\Laba\Laba\Debug\link.1392-cvtres.write.1.tlog
C:\Users\nkasmazy\Downloads\Laba\Laba\Debug\link.1392-rc.read.1.tlog
C:\Users\nkasmazy\Downloads\Laba\Laba\Debug\link.1392-rc.write.1.tlog
C:\Users\nkasmazy\Downloads\Laba\Laba\Debug\link.1392.read.1.tlog
C:\Users\nkasmazy\Downloads\Laba\Laba\Debug\link.1392.write.1.tlog
C:\Users\nkasmazy\Downloads\Laba\Laba\Debug\link.1672-cvtres.read.1.tlog
C:\Users\nkasmazy\Downloads\Laba\Laba\Debug\link.1672-cvtres.write.1.tlog
C:\Users\nkasmazy\Downloads\Laba\Laba\Debug\link.1672-rc.read.1.tlog
C:\Users\nkasmazy\Downloads\Laba\Laba\Debug\link.1672-rc.write.1.tlog
C:\Users\nkasmazy\Downloads\Laba\Laba\Debug\link.1672.read.1.tlog
C:\Users\nkasmazy\Downloads\Laba\Laba\Debug\link.1672.write.1.tlog
C:\Users\nkasmazy\Downloads\Laba\Laba\Debug\link.1748-cvtres.read.1.tlog
C:\Users\nkasmazy\Downloads\Laba\Laba\Debug\link.1748-cvtres.write.1.tlog
C:\Users\nkasmazy\Downloads\Laba\Laba\Debug\link.1748-rc.read.1.tlog
C:\Users\nkasmazy\Downloads\Laba\Laba\Debug\link.1748-rc.write.1.tlog
C:\Users\nkasmazy\Downloads\Laba\Laba\Debug\link.1748.read.1.tlog
C:\Users\nkasmazy\Downloads\Laba\Laba\Debug\link.1748.write.1.tlog
C:\Users\nkasmazy\Downloads\Laba\Laba\Debug\link.2088-cvtres.read.1.tlog
C:\Users\nkasmazy\Downloads\Laba\Laba\Debug\link.2088-cvtres.write.1.tlog
C:\Users\nkasmazy\Downloads\Laba\Laba\Debug\link.2088-rc.read.1.tlog
C:\Users\nkasmazy\Downloads\Laba\Laba\Debug\link.2088-rc.write.1.tlog
C:\Users\nkasmazy\Downloads\Laba\Laba\Debug\link.2088.read.1.tlog
C:\Users\nkasmazy\Downloads\Laba\Laba\Debug\link.2088.write.1.tlog
C:\Users\nkasmazy\Downloads\Laba\Laba\Debug\link.2124-cvtres.read.1.tlog
C:\Users\nkasmazy\Downloads\Laba\Laba\Debug\link.2124-cvtres.write.1.tlog
C:\Users\nkasmazy\Downloads\Laba\Laba\Debug\link.2124-rc.read.1.tlog
C:\Users\nkasmazy\Downloads\Laba\Laba\Debug\link.2124-rc.write.1.tlog
C:\Users\nkasmazy\Downloads\Laba\Laba\Debug\link.2124.read.1.tlog
C:\Users\nkasmazy\Downloads\Laba\Laba\Debug\link.2124.write.1.tlog
C:\Users\nkasmazy\Downloads\Laba\Laba\Debug\link.2528-cvtres.read.1.tlog
C:\Users\nkasmazy\Downloads\Laba\Laba\Debug\link.2528-cvtres.write.1.tlog
C:\Users\nkasmazy\Downloads\Laba\Laba\Debug\link.2528-rc.read.1.tlog
C:\Users\nkasmazy\Downloads\Laba\Laba\Debug\link.2528-rc.write.1.tlog
C:\Users\nkasmazy\Downloads\Laba\Laba\Debug\link.2528.read.1.tlog
C:\Users\nkasmazy\Downloads\Laba\Laba\Debug\link.2528.write.1.tlog
C:\Users\nkasmazy\Downloads\Laba\Laba\Debug\link.2788-cvtres.read.1.tlog
C:\Users\nkasmazy\Downloads\Laba\Laba\Debug\link.2788-cvtres.write.1.tlog
C:\Users\nkasmazy\Downloads\Laba\Laba\Debug\link.2788-rc.read.1.tlog
C:\Users\nkasmazy\Downloads\Laba\Laba\Debug\link.2788-rc.write.1.tlog
C:\Users\nkasmazy\Downloads\Laba\Laba\Debug\link.2788.read.1.tlog
C:\Users\nkasmazy\Downloads\Laba\Laba\Debug\link.2788.write.1.tlog
C:\Users\nkasmazy\Downloads\Laba\Laba\Debug\link.2908-cvtres.read.1.tlog
C:\Users\nkasmazy\Downloads\Laba\Laba\Debug\link.2908-cvtres.write.1.tlog
C:\Users\nkasmazy\Downloads\Laba\Laba\Debug\link.2908-rc.read.1.tlog
C:\Users\nkasmazy\Downloads\Laba\Laba\Debug\link.2908-rc.write.1.tlog
C:\Users\nkasmazy\Downloads\Laba\Laba\Debug\link.2908.read.1.tlog
C:\Users\nkasmazy\Downloads\Laba\Laba\Debug\link.2908.write.1.tlog
C:\Users\nkasmazy\Downloads\Laba\Laba\Debug\link.3972-cvtres.read.1.tlog
C:\Users\nkasmazy\Downloads\Laba\Laba\Debug\link.3972-cvtres.write.1.tlog
C:\Users\nkasmazy\Downloads\Laba\Laba\Debug\link.3972-rc.read.1.tlog
C:\Users\nkasmazy\Downloads\Laba\Laba\Debug\link.3972-rc.write.1.tlog
C:\Users\nkasmazy\Downloads\Laba\Laba\Debug\link.3972.read.1.tlog
C:\Users\nkasmazy\Downloads\Laba\Laba\Debug\link.3972.write.1.tlog
C:\Users\nkasmazy\Downloads\Laba\Laba\Debug\link.4028-cvtres.read.1.tlog
C:\Users\nkasmazy\Downloads\Laba\Laba\Debug\link.4028-cvtres.write.1.tlog
C:\Users\nkasmazy\Downloads\Laba\Laba\Debug\link.4028-rc.read.1.tlog
C:\Users\nkasmazy\Downloads\Laba\Laba\Debug\link.4028-rc.write.1.tlog
C:\Users\nkasmazy\Downloads\Laba\Laba\Debug\link.4028.read.1.tlog
C:\Users\nkasmazy\Downloads\Laba\Laba\Debug\link.4028.write.1.tlog
C:\Users\nkasmazy\Downloads\Laba\Laba\Debug\link.4216-cvtres.read.1.tlog
C:\Users\nkasmazy\Downloads\Laba\Laba\Debug\link.4216-cvtres.write.1.tlog
C:\Users\nkasmazy\Downloads\Laba\Laba\Debug\link.4216-rc.read.1.tlog
C:\Users\nkasmazy\Downloads\Laba\Laba\Debug\link.4216-rc.write.1.tlog
C:\Users\nkasmazy\Downloads\Laba\Laba\Debug\link.4216.read.1.tlog
C:\Users\nkasmazy\Downloads\Laba\Laba\Debug\link.4216.write.1.tlog
C:\Users\nkasmazy\Downloads\Laba\Laba\Debug\link.4220-cvtres.read.1.tlog
C:\Users\nkasmazy\Downloads\Laba\Laba\Debug\link.4220-cvtres.write.1.tlog
C:\Users\nkasmazy\Downloads\Laba\Laba\Debug\link.4220-rc.read.1.tlog
C:\Users\nkasmazy\Downloads\Laba\Laba\Debug\link.4220-rc.write.1.tlog
C:\Users\nkasmazy\Downloads\Laba\Laba\Debug\link.4220.read.1.tlog
C:\Users\nkasmazy\Downloads\Laba\Laba\Debug\link.4220.write.1.tlog
C:\Users\nkasmazy\Downloads\Laba\Laba\Debug\link.4336-cvtres.read.1.tlog
C:\Users\nkasmazy\Downloads\Laba\Laba\Debug\link.4336-cvtres.write.1.tlog
C:\Users\nkasmazy\Downloads\Laba\Laba\Debug\link.4336-rc.read.1.tlog
C:\Users\nkasmazy\Downloads\Laba\Laba\Debug\link.4336-rc.write.1.tlog
C:\Users\nkasmazy\Downloads\Laba\Laba\Debug\link.4336.read.1.tlog
C:\Users\nkasmazy\Downloads\Laba\Laba\Debug\link.4336.write.1.tlog
C:\Users\nkasmazy\Downloads\Laba\Laba\Debug\link.4416-cvtres.read.1.tlog
C:\Users\nkasmazy\Downloads\Laba\Laba\Debug\link.4416-cvtres.write.1.tlog
C:\Users\nkasmazy\Downloads\Laba\Laba\Debug\link.4416-rc.read.1.tlog
C:\Users\nkasmazy\Downloads\Laba\Laba\Debug\link.4416-rc.write.1.tlog
C:\Users\nkasmazy\Downloads\Laba\Laba\Debug\link.4416.read.1.tlog
C:\Users\nkasmazy\Downloads\Laba\Laba\Debug\link.4416.write.1.tlog
C:\Users\nkasmazy\Downloads\Laba\Laba\Debug\link.4612-cvtres.read.1.tlog
C:\Users\nkasmazy\Downloads\Laba\Laba\Debug\link.4612-cvtres.write.1.tlog
C:\Users\nkasmazy\Downloads\Laba\Laba\Debug\link.4612-rc.read.1.tlog
C:\Users\nkasmazy\Downloads\Laba\Laba\Debug\link.4612-rc.write.1.tlog
C:\Users\nkasmazy\Downloads\Laba\Laba\Debug\link.4612.read.1.tlog
C:\Users\nkasmazy\Downloads\Laba\Laba\Debug\link.4612.write.1.tlog
C:\Users\nkasmazy\Downloads\Laba\Laba\Debug\link.4636-cvtres.read.1.tlog
C:\Users\nkasmazy\Downloads\Laba\Laba\Debug\link.4636-cvtres.write.1.tlog
C:\Users\nkasmazy\Downloads\Laba\Laba\Debug\link.4636-rc.read.1.tlog
C:\Users\nkasmazy\Downloads\Laba\Laba\Debug\link.4636-rc.write.1.tlog
C:\Users\nkasmazy\Downloads\Laba\Laba\Debug\link.4636.read.1.tlog
C:\Users\nkasmazy\Downloads\Laba\Laba\Debug\link.4636.write.1.tlog
C:\Users\nkasmazy\Downloads\Laba\Laba\Debug\link.4728-cvtres.read.1.tlog
C:\Users\nkasmazy\Downloads\Laba\Laba\Debug\link.4728-cvtres.write.1.tlog
C:\Users\nkasmazy\Downloads\Laba\Laba\Debug\link.4728-rc.read.1.tlog
C:\Users\nkasmazy\Downloads\Laba\Laba\Debug\link.4728-rc.write.1.tlog
C:\Users\nkasmazy\Downloads\Laba\Laba\Debug\link.4728.read.1.tlog
C:\Users\nkasmazy\Downloads\Laba\Laba\Debug\link.4728.write.1.tlog
C:\Users\nkasmazy\Downloads\Laba\Laba\Debug\link.5192-cvtres.read.1.tlog
C:\Users\nkasmazy\Downloads\Laba\Laba\Debug\link.5192-cvtres.write.1.tlog
C:\Users\nkasmazy\Downloads\Laba\Laba\Debug\link.5192-rc.read.1.tlog
C:\Users\nkasmazy\Downloads\Laba\Laba\Debug\link.5192-rc.write.1.tlog
C:\Users\nkasmazy\Downloads\Laba\Laba\Debug\link.5192.read.1.tlog
C:\Users\nkasmazy\Downloads\Laba\Laba\Debug\link.5192.write.1.tlog
C:\Users\nkasmazy\Downloads\Laba\Laba\Debug\link.5268-cvtres.read.1.tlog
C:\Users\nkasmazy\Downloads\Laba\Laba\Debug\link.5268-cvtres.write.1.tlog
C:\Users\nkasmazy\Downloads\Laba\Laba\Debug\link.5268-rc.read.1.tlog
C:\Users\nkasmazy\Downloads\Laba\Laba\Debug\link.5268-rc.write.1.tlog
C:\Users\nkasmazy\Downloads\Laba\Laba\Debug\link.5268.read.1.tlog
C:\Users\nkasmazy\Downloads\Laba\Laba\Debug\link.5268.write.1.tlog
C:\Users\nkasmazy\Downloads\Laba\Laba\Debug\link.5508-cvtres.read.1.tlog
C:\Users\nkasmazy\Downloads\Laba\Laba\Debug\link.5508-cvtres.write.1.tlog
C:\Users\nkasmazy\Downloads\Laba\Laba\Debug\link.5508-rc.read.1.tlog
C:\Users\nkasmazy\Downloads\Laba\Laba\Debug\link.5508-rc.write.1.tlog
C:\Users\nkasmazy\Downloads\Laba\Laba\Debug\link.5508.read.1.tlog
C:\Users\nkasmazy\Downloads\Laba\Laba\Debug\link.5508.write.1.tlog
C:\Users\nkasmazy\Downloads\Laba\Laba\Debug\link.5540-cvtres.read.1.tlog
C:\Users\nkasmazy\Downloads\Laba\Laba\Debug\link.5540-cvtres.write.1.tlog
C:\Users\nkasmazy\Downloads\Laba\Laba\Debug\link.5540-rc.read.1.tlog
C:\Users\nkasmazy\Downloads\Laba\Laba\Debug\link.5540-rc.write.1.tlog
C:\Users\nkasmazy\Downloads\Laba\Laba\Debug\link.5540.read.1.tlog
C:\Users\nkasmazy\Downloads\Laba\Laba\Debug\link.5540.write.1.tlog
C:\Users\nkasmazy\Downloads\Laba\Laba\Debug\link.5580-cvtres.read.1.tlog
C:\Users\nkasmazy\Downloads\Laba\Laba\Debug\link.5580-cvtres.write.1.tlog
C:\Users\nkasmazy\Downloads\Laba\Laba\Debug\link.5580-rc.read.1.tlog
C:\Users\nkasmazy\Downloads\Laba\Laba\Debug\link.5580-rc.write.1.tlog
C:\Users\nkasmazy\Downloads\Laba\Laba\Debug\link.5580.read.1.tlog
C:\Users\nkasmazy\Downloads\Laba\Laba\Debug\link.5580.write.1.tlog
C:\Users\nkasmazy\Downloads\Laba\Laba\Debug\link.5692-cvtres.read.1.tlog
C:\Users\nkasmazy\Downloads\Laba\Laba\Debug\link.5692-cvtres.write.1.tlog
C:\Users\nkasmazy\Downloads\Laba\Laba\Debug\link.5692-rc.read.1.tlog
C:\Users\nkasmazy\Downloads\Laba\Laba\Debug\link.5692-rc.write.1.tlog
C:\Users\nkasmazy\Downloads\Laba\Laba\Debug\link.5692.read.1.tlog
C:\Users\nkasmazy\Downloads\Laba\Laba\Debug\link.5692.write.1.tlog
C:\Users\nkasmazy\Downloads\Laba\Laba\Debug\link.5920-cvtres.read.1.tlog
C:\Users\nkasmazy\Downloads\Laba\Laba\Debug\link.5920-cvtres.write.1.tlog
C:\Users\nkasmazy\Downloads\Laba\Laba\Debug\link.5920-rc.read.1.tlog
C:\Users\nkasmazy\Downloads\Laba\Laba\Debug\link.5920-rc.write.1.tlog
C:\Users\nkasmazy\Downloads\Laba\Laba\Debug\link.5920.read.1.tlog
C:\Users\nkasmazy\Downloads\Laba\Laba\Debug\link.5920.write.1.tlog
C:\Users\nkasmazy\Downloads\Laba\Laba\Debug\link.6012-cvtres.read.1.tlog
C:\Users\nkasmazy\Downloads\Laba\Laba\Debug\link.6012-cvtres.write.1.tlog
C:\Users\nkasmazy\Downloads\Laba\Laba\Debug\link.6012-rc.read.1.tlog
C:\Users\nkasmazy\Downloads\Laba\Laba\Debug\link.6012-rc.write.1.tlog
C:\Users\nkasmazy\Downloads\Laba\Laba\Debug\link.6012.read.1.tlog
C:\Users\nkasmazy\Downloads\Laba\Laba\Debug\link.6012.write.1.tlog
C:\Users\nkasmazy\Downloads\Laba\Laba\Debug\link.6016-cvtres.read.1.tlog
C:\Users\nkasmazy\Downloads\Laba\Laba\Debug\link.6016-cvtres.write.1.tlog
C:\Users\nkasmazy\Downloads\Laba\Laba\Debug\link.6016-rc.read.1.tlog
C:\Users\nkasmazy\Downloads\Laba\Laba\Debug\link.6016-rc.write.1.tlog
C:\Users\nkasmazy\Downloads\Laba\Laba\Debug\link.6016.read.1.tlog
C:\Users\nkasmazy\Downloads\Laba\Laba\Debug\link.6016.write.1.tlog
C:\Users\nkasmazy\Downloads\Laba\Laba\Debug\link.6204-cvtres.read.1.tlog
C:\Users\nkasmazy\Downloads\Laba\Laba\Debug\link.6204-cvtres.write.1.tlog
C:\Users\nkasmazy\Downloads\Laba\Laba\Debug\link.6204-rc.read.1.tlog
C:\Users\nkasmazy\Downloads\Laba\Laba\Debug\link.6204-rc.write.1.tlog
C:\Users\nkasmazy\Downloads\Laba\Laba\Debug\link.6204.read.1.tlog
C:\Users\nkasmazy\Downloads\Laba\Laba\Debug\link.6204.write.1.tlog
C:\Users\nkasmazy\Downloads\Laba\Laba\Debug\link.6268-cvtres.read.1.tlog
C:\Users\nkasmazy\Downloads\Laba\Laba\Debug\link.6268-cvtres.write.1.tlog
C:\Users\nkasmazy\Downloads\Laba\Laba\Debug\link.6268-rc.read.1.tlog
C:\Users\nkasmazy\Downloads\Laba\Laba\Debug\link.6268-rc.write.1.tlog
C:\Users\nkasmazy\Downloads\Laba\Laba\Debug\link.6268.read.1.tlog
C:\Users\nkasmazy\Downloads\Laba\Laba\Debug\link.6268.write.1.tlog
C:\Users\nkasmazy\Downloads\Laba\Laba\Debug\link.6288-cvtres.read.1.tlog
C:\Users\nkasmazy\Downloads\Laba\Laba\Debug\link.6288-cvtres.write.1.tlog
C:\Users\nkasmazy\Downloads\Laba\Laba\Debug\link.6288-rc.read.1.tlog
C:\Users\nkasmazy\Downloads\Laba\Laba\Debug\link.6288-rc.write.1.tlog
C:\Users\nkasmazy\Downloads\Laba\Laba\Debug\link.6288.read.1.tlog
C:\Users\nkasmazy\Downloads\Laba\Laba\Debug\link.6288.write.1.tlog
C:\Users\nkasmazy\Downloads\Laba\Laba\Debug\link.6520-cvtres.read.1.tlog
C:\Users\nkasmazy\Downloads\Laba\Laba\Debug\link.6520-cvtres.write.1.tlog
C:\Users\nkasmazy\Downloads\Laba\Laba\Debug\link.6520-rc.read.1.tlog
C:\Users\nkasmazy\Downloads\Laba\Laba\Debug\link.6520-rc.write.1.tlog
C:\Users\nkasmazy\Downloads\Laba\Laba\Debug\link.6520.read.1.tlog
C:\Users\nkasmazy\Downloads\Laba\Laba\Debug\link.6520.write.1.tlog
C:\Users\nkasmazy\Downloads\Laba\Laba\Debug\link.6652-cvtres.read.1.tlog
C:\Users\nkasmazy\Downloads\Laba\Laba\Debug\link.6652-cvtres.write.1.tlog
C:\Users\nkasmazy\Downloads\Laba\Laba\Debug\link.6652-rc.read.1.tlog
C:\Users\nkasmazy\Downloads\Laba\Laba\Debug\link.6652-rc.write.1.tlog
C:\Users\nkasmazy\Downloads\Laba\Laba\Debug\link.6652.read.1.tlog
C:\Users\nkasmazy\Downloads\Laba\Laba\Debug\link.6652.write.1.tlog
C:\Users\nkasmazy\Downloads\Laba\Laba\Debug\link.6712-cvtres.read.1.tlog
C:\Users\nkasmazy\Downloads\Laba\Laba\Debug\link.6712-cvtres.write.1.tlog
C:\Users\nkasmazy\Downloads\Laba\Laba\Debug\link.6712-rc.read.1.tlog
C:\Users\nkasmazy\Downloads\Laba\Laba\Debug\link.6712-rc.write.1.tlog
C:\Users\nkasmazy\Downloads\Laba\Laba\Debug\link.6712.read.1.tlog
C:\Users\nkasmazy\Downloads\Laba\Laba\Debug\link.6712.write.1.tlog
C:\Users\nkasmazy\Downloads\Laba\Laba\Debug\link.6724-cvtres.read.1.tlog
C:\Users\nkasmazy\Downloads\Laba\Laba\Debug\link.6724-cvtres.write.1.tlog
C:\Users\nkasmazy\Downloads\Laba\Laba\Debug\link.6724-rc.read.1.tlog
C:\Users\nkasmazy\Downloads\Laba\Laba\Debug\link.6724-rc.write.1.tlog
C:\Users\nkasmazy\Downloads\Laba\Laba\Debug\link.6724.read.1.tlog
C:\Users\nkasmazy\Downloads\Laba\Laba\Debug\link.6724.write.1.tlog
C:\Users\nkasmazy\Downloads\Laba\Laba\Debug\link.6852-cvtres.read.1.tlog
C:\Users\nkasmazy\Downloads\Laba\Laba\Debug\link.6852-cvtres.write.1.tlog
C:\Users\nkasmazy\Downloads\Laba\Laba\Debug\link.6852-rc.read.1.tlog
C:\Users\nkasmazy\Downloads\Laba\Laba\Debug\link.6852-rc.write.1.tlog
C:\Users\nkasmazy\Downloads\Laba\Laba\Debug\link.6852.read.1.tlog
C:\Users\nkasmazy\Downloads\Laba\Laba\Debug\link.6852.write.1.tlog
C:\Users\nkasmazy\Downloads\Laba\Laba\Debug\link.6884-cvtres.read.1.tlog
C:\Users\nkasmazy\Downloads\Laba\Laba\Debug\link.6884-cvtres.write.1.tlog
C:\Users\nkasmazy\Downloads\Laba\Laba\Debug\link.6884-rc.read.1.tlog
C:\Users\nkasmazy\Downloads\Laba\Laba\Debug\link.6884-rc.write.1.tlog
C:\Users\nkasmazy\Downloads\Laba\Laba\Debug\link.6884.read.1.tlog
C:\Users\nkasmazy\Downloads\Laba\Laba\Debug\link.6884.write.1.tlog
C:\Users\nkasmazy\Downloads\Laba\Laba\Debug\link.6944-cvtres.read.1.tlog
C:\Users\nkasmazy\Downloads\Laba\Laba\Debug\link.6944-cvtres.write.1.tlog
C:\Users\nkasmazy\Downloads\Laba\Laba\Debug\link.6944-rc.read.1.tlog
C:\Users\nkasmazy\Downloads\Laba\Laba\Debug\link.6944-rc.write.1.tlog
C:\Users\nkasmazy\Downloads\Laba\Laba\Debug\link.6944.read.1.tlog
C:\Users\nkasmazy\Downloads\Laba\Laba\Debug\link.6944.write.1.tlog
C:\Users\nkasmazy\Downloads\Laba\Laba\Debug\link.7072-cvtres.read.1.tlog
C:\Users\nkasmazy\Downloads\Laba\Laba\Debug\link.7072-cvtres.write.1.tlog
C:\Users\nkasmazy\Downloads\Laba\Laba\Debug\link.7072-rc.read.1.tlog
C:\Users\nkasmazy\Downloads\Laba\Laba\Debug\link.7072-rc.write.1.tlog
C:\Users\nkasmazy\Downloads\Laba\Laba\Debug\link.7072.read.1.tlog
C:\Users\nkasmazy\Downloads\Laba\Laba\Debug\link.7072.write.1.tlog
C:\Users\nkasmazy\Downloads\Laba\Laba\Debug\link.7376-cvtres.read.1.tlog
C:\Users\nkasmazy\Downloads\Laba\Laba\Debug\link.7376-cvtres.write.1.tlog
C:\Users\nkasmazy\Downloads\Laba\Laba\Debug\link.7376-rc.read.1.tlog
C:\Users\nkasmazy\Downloads\Laba\Laba\Debug\link.7376-rc.write.1.tlog
C:\Users\nkasmazy\Downloads\Laba\Laba\Debug\link.7376.read.1.tlog
C:\Users\nkasmazy\Downloads\Laba\Laba\Debug\link.7376.write.1.tlog
C:\Users\nkasmazy\Downloads\Laba\Laba\Debug\link.7440-cvtres.read.1.tlog
C:\Users\nkasmazy\Downloads\Laba\Laba\Debug\link.7440-cvtres.write.1.tlog
C:\Users\nkasmazy\Downloads\Laba\Laba\Debug\link.7440-rc.read.1.tlog
C:\Users\nkasmazy\Downloads\Laba\Laba\Debug\link.7440-rc.write.1.tlog
C:\Users\nkasmazy\Downloads\Laba\Laba\Debug\link.7440.read.1.tlog
C:\Users\nkasmazy\Downloads\Laba\Laba\Debug\link.7440.write.1.tlog
C:\Users\nkasmazy\Downloads\Laba\Laba\Debug\link.7464-cvtres.read.1.tlog
C:\Users\nkasmazy\Downloads\Laba\Laba\Debug\link.7464-cvtres.write.1.tlog
C:\Users\nkasmazy\Downloads\Laba\Laba\Debug\link.7464-rc.read.1.tlog
C:\Users\nkasmazy\Downloads\Laba\Laba\Debug\link.7464-rc.write.1.tlog
C:\Users\nkasmazy\Downloads\Laba\Laba\Debug\link.7464.read.1.tlog
C:\Users\nkasmazy\Downloads\Laba\Laba\Debug\link.7464.write.1.tlog
C:\Users\nkasmazy\Downloads\Laba\Laba\Debug\link.7524-cvtres.read.1.tlog
C:\Users\nkasmazy\Downloads\Laba\Laba\Debug\link.7524-cvtres.write.1.tlog
C:\Users\nkasmazy\Downloads\Laba\Laba\Debug\link.7524-rc.read.1.tlog
C:\Users\nkasmazy\Downloads\Laba\Laba\Debug\link.7524-rc.write.1.tlog
C:\Users\nkasmazy\Downloads\Laba\Laba\Debug\link.7524.read.1.tlog
C:\Users\nkasmazy\Downloads\Laba\Laba\Debug\link.7524.write.1.tlog
C:\Users\nkasmazy\Downloads\Laba\Laba\Debug\link.7560-cvtres.read.1.tlog
C:\Users\nkasmazy\Downloads\Laba\Laba\Debug\link.7560-cvtres.write.1.tlog
C:\Users\nkasmazy\Downloads\Laba\Laba\Debug\link.7560-rc.read.1.tlog
C:\Users\nkasmazy\Downloads\Laba\Laba\Debug\link.7560-rc.write.1.tlog
C:\Users\nkasmazy\Downloads\Laba\Laba\Debug\link.7560.read.1.tlog
C:\Users\nkasmazy\Downloads\Laba\Laba\Debug\link.7560.write.1.tlog
C:\Users\nkasmazy\Downloads\Laba\Laba\Debug\link.7684-cvtres.read.1.tlog
C:\Users\nkasmazy\Downloads\Laba\Laba\Debug\link.7684-cvtres.write.1.tlog
C:\Users\nkasmazy\Downloads\Laba\Laba\Debug\link.7684-rc.read.1.tlog
C:\Users\nkasmazy\Downloads\Laba\Laba\Debug\link.7684-rc.write.1.tlog
C:\Users\nkasmazy\Downloads\Laba\Laba\Debug\link.7684.read.1.tlog
C:\Users\nkasmazy\Downloads\Laba\Laba\Debug\link.7684.write.1.tlog
C:\Users\nkasmazy\Downloads\Laba\Laba\Debug\link.7812-cvtres.read.1.tlog
C:\Users\nkasmazy\Downloads\Laba\Laba\Debug\link.7812-cvtres.write.1.tlog
C:\Users\nkasmazy\Downloads\Laba\Laba\Debug\link.7812-rc.read.1.tlog
C:\Users\nkasmazy\Downloads\Laba\Laba\Debug\link.7812-rc.write.1.tlog
C:\Users\nkasmazy\Downloads\Laba\Laba\Debug\link.7812.read.1.tlog
C:\Users\nkasmazy\Downloads\Laba\Laba\Debug\link.7812.write.1.tlog
C:\Users\nkasmazy\Downloads\Laba\Laba\Debug\link.7816-cvtres.read.1.tlog
C:\Users\nkasmazy\Downloads\Laba\Laba\Debug\link.7816-cvtres.write.1.tlog
C:\Users\nkasmazy\Downloads\Laba\Laba\Debug\link.7816-rc.read.1.tlog
C:\Users\nkasmazy\Downloads\Laba\Laba\Debug\link.7816-rc.write.1.tlog
C:\Users\nkasmazy\Downloads\Laba\Laba\Debug\link.7816.read.1.tlog
C:\Users\nkasmazy\Downloads\Laba\Laba\Debug\link.7816.write.1.tlog
C:\Users\nkasmazy\Downloads\Laba\Laba\Debug\link.8004-cvtres.read.1.tlog
C:\Users\nkasmazy\Downloads\Laba\Laba\Debug\link.8004-cvtres.write.1.tlog
C:\Users\nkasmazy\Downloads\Laba\Laba\Debug\link.8004-rc.read.1.tlog
C:\Users\nkasmazy\Downloads\Laba\Laba\Debug\link.8004-rc.write.1.tlog
C:\Users\nkasmazy\Downloads\Laba\Laba\Debug\link.8004.read.1.tlog
C:\Users\nkasmazy\Downloads\Laba\Laba\Debug\link.8004.write.1.tlog
C:\Users\nkasmazy\Downloads\Laba\Laba\Debug\link.8440-cvtres.read.1.tlog
C:\Users\nkasmazy\Downloads\Laba\Laba\Debug\link.8440-cvtres.write.1.tlog
C:\Users\nkasmazy\Downloads\Laba\Laba\Debug\link.8440-rc.read.1.tlog
C:\Users\nkasmazy\Downloads\Laba\Laba\Debug\link.8440-rc.write.1.tlog
C:\Users\nkasmazy\Downloads\Laba\Laba\Debug\link.8440.read.1.tlog
C:\Users\nkasmazy\Downloads\Laba\Laba\Debug\link.8440.write.1.tlog
C:\Users\nkasmazy\Downloads\Laba\Laba\Debug\link.8576-cvtres.read.1.tlog
C:\Users\nkasmazy\Downloads\Laba\Laba\Debug\link.8576-cvtres.write.1.tlog
C:\Users\nkasmazy\Downloads\Laba\Laba\Debug\link.8576-rc.read.1.tlog
C:\Users\nkasmazy\Downloads\Laba\Laba\Debug\link.8576-rc.write.1.tlog
C:\Users\nkasmazy\Downloads\Laba\Laba\Debug\link.8576.read.1.tlog
C:\Users\nkasmazy\Downloads\Laba\Laba\Debug\link.8576.write.1.tlog
C:\Users\nkasmazy\Downloads\Laba\Laba\Debug\link.9412-cvtres.read.1.tlog
C:\Users\nkasmazy\Downloads\Laba\Laba\Debug\link.9412-cvtres.write.1.tlog
C:\Users\nkasmazy\Downloads\Laba\Laba\Debug\link.9412-rc.read.1.tlog
C:\Users\nkasmazy\Downloads\Laba\Laba\Debug\link.9412-rc.write.1.tlog
C:\Users\nkasmazy\Downloads\Laba\Laba\Debug\link.9412.read.1.tlog
C:\Users\nkasmazy\Downloads\Laba\Laba\Debug\link.9412.write.1.tlog
C:\Users\nkasmazy\Downloads\Laba\Laba\Debug\link.9460-cvtres.read.1.tlog
C:\Users\nkasmazy\Downloads\Laba\Laba\Debug\link.9460-cvtres.write.1.tlog
C:\Users\nkasmazy\Downloads\Laba\Laba\Debug\link.9460-rc.read.1.tlog
C:\Users\nkasmazy\Downloads\Laba\Laba\Debug\link.9460-rc.write.1.tlog
C:\Users\nkasmazy\Downloads\Laba\Laba\Debug\link.9460.read.1.tlog
C:\Users\nkasmazy\Downloads\Laba\Laba\Debug\link.9460.write.1.tlog
C:\Users\nkasmazy\Downloads\Laba\Laba\Debug\link.9536-cvtres.read.1.tlog
C:\Users\nkasmazy\Downloads\Laba\Laba\Debug\link.9536-cvtres.write.1.tlog
C:\Users\nkasmazy\Downloads\Laba\Laba\Debug\link.9536-rc.read.1.tlog
C:\Users\nkasmazy\Downloads\Laba\Laba\Debug\link.9536-rc.write.1.tlog
C:\Users\nkasmazy\Downloads\Laba\Laba\Debug\link.9536.read.1.tlog
C:\Users\nkasmazy\Downloads\Laba\Laba\Debug\link.9536.write.1.tlog
C:\Users\nkasmazy\Downloads\Laba\Laba\Debug\link.9584-cvtres.read.1.tlog
C:\Users\nkasmazy\Downloads\Laba\Laba\Debug\link.9584-cvtres.write.1.tlog
C:\Users\nkasmazy\Downloads\Laba\Laba\Debug\link.9584-rc.read.1.tlog
C:\Users\nkasmazy\Downloads\Laba\Laba\Debug\link.9584-rc.write.1.tlog
C:\Users\nkasmazy\Downloads\Laba\Laba\Debug\link.9584.read.1.tlog
C:\Users\nkasmazy\Downloads\Laba\Laba\Debug\link.9584.write.1.tlog
C:\Users\nkasmazy\Downloads\Laba\Laba\Debug\link.9676-cvtres.read.1.tlog
C:\Users\nkasmazy\Downloads\Laba\Laba\Debug\link.9676-cvtres.write.1.tlog
C:\Users\nkasmazy\Downloads\Laba\Laba\Debug\link.9676-rc.read.1.tlog
C:\Users\nkasmazy\Downloads\Laba\Laba\Debug\link.9676-rc.write.1.tlog
C:\Users\nkasmazy\Downloads\Laba\Laba\Debug\link.9676.read.1.tlog
C:\Users\nkasmazy\Downloads\Laba\Laba\Debug\link.9676.write.1.tlog
C:\Users\nkasmazy\Downloads\Laba\Laba\Debug\link.command.1.tlog
C:\Users\nkasmazy\Downloads\Laba\Laba\Debug\link.read.1.tlog
C:\Users\nkasmazy\Downloads\Laba\Laba\Debug\link.write.1.tlog
C:\Users\nkasmazy\Downloads\Laba\Laba\Debug\metagen.read.1.tlog
C:\Users\nkasmazy\Downloads\Laba\Laba\Debug\metagen.write.1.tlog
C:\Users\nkasmazy\Downloads\Laba\Laba\Debug\vc110.pdb
C:\Users\nkasmazy\Downloads\Laba\Laba\Debug\vc141.pdb
C:\Users\nkasmazy\Downloads\Laba\Laba\Debug\TZRES.DLL.bi
C:\Users\nkasmazy\Downloads\Laba\Debug\Laba.pdb
C:\Users\nkasmazy\Downloads\Laba\Debug\Laba.exe
C:\Users\nkasmazy\Downloads\Laba\Debug\Laba.ilk
